Сборка начата 02.04.2024 17:20:35.
Уровень детализации журнала: Normal.     1>Проект "D:\уник\2 сем\АСД\lab03\lab03(asd)\lab03(asd)\lab03(asd).vcxproj" в узле 2 (целевые объекты Build).
     1>InitializeBuildStatus:
         Обращение к "x64\Debug\lab03(asd).tlog\unsuccessfulbuild".
       ClCompile:
         C:\Program Files\Microsoft Visual Studio\2022\Preview\VC\Tools\MSVC\14.38.32919\bin\HostX64\x64\CL.exe /c /ZI /JMC /nologo /W3 /WX- /diagnostics:column /sdl /Od /D _DEBUG /D _CONSOLE /D _UNICODE /D UNICODE /Gm- /EHsc /RTC1 /MDd /GS /fp:precise /Zc:wchar_t /Zc:forScope /Zc:inline /permissive- /Fo"x64\Debug\\" /Fd"x64\Debug\vc143.pdb" /external:W3 /Gd /TP /FC /errorReport:prompt "lab03(asd).cpp"
         lab03(asd).cpp
     1>D:\уник\2 сем\АСД\lab03\lab03(asd)\lab03(asd)\lab03(asd).cpp(15,15): warning C4244: аргумент: преобразование "time_t" в "unsigned int", возможна потеря данных
     1>D:\уник\2 сем\АСД\lab03\lab03(asd)\lab03(asd)\lab03(asd).cpp(32,14): warning C4244: =: преобразование "clock_t" в "float", возможна потеря данных
     1>D:\уник\2 сем\АСД\lab03\lab03(asd)\lab03(asd)\lab03(asd).cpp(34,14): warning C4244: =: преобразование "clock_t" в "float", возможна потеря данных
     1>D:\уник\2 сем\АСД\lab03\lab03(asd)\lab03(asd)\lab03(asd).cpp(19,40): warning C4101: E: неиспользованная локальная переменная
     1>D:\уник\2 сем\АСД\lab03\lab03(asd)\lab03(asd)\lab03(asd).cpp(17,11): warning C4101: time: неиспользованная локальная переменная
     1>D:\уник\2 сем\АСД\lab03\lab03(asd)\lab03(asd)\lab03(asd).cpp(42,14): warning C4244: =: преобразование "clock_t" в "float", возможна потеря данных
     1>D:\уник\2 сем\АСД\lab03\lab03(asd)\lab03(asd)\lab03(asd).cpp(51,14): warning C4244: =: преобразование "clock_t" в "float", возможна потеря данных
     1>D:\уник\2 сем\АСД\lab03\lab03(asd)\lab03(asd)\lab03(asd).cpp(63,14): warning C4244: =: преобразование "clock_t" в "float", возможна потеря данных
     1>D:\уник\2 сем\АСД\lab03\lab03(asd)\lab03(asd)\lab03(asd).cpp(73,14): warning C4244: =: преобразование "clock_t" в "float", возможна потеря данных
     1>D:\уник\2 сем\АСД\lab03\lab03(asd)\lab03(asd)\lab03(asd).cpp(87,14): warning C4244: =: преобразование "clock_t" в "float", возможна потеря данных
     1>D:\уник\2 сем\АСД\lab03\lab03(asd)\lab03(asd)\lab03(asd).cpp(101,14): warning C4244: =: преобразование "clock_t" в "float", возможна потеря данных
     1>D:\уник\2 сем\АСД\lab03\lab03(asd)\lab03(asd)\lab03(asd).cpp(113,11): warning C4101: q: неиспользованная локальная переменная
     1>D:\уник\2 сем\АСД\lab03\lab03(asd)\lab03(asd)\lab03(asd).cpp(113,14): warning C4101: w: неиспользованная локальная переменная
       Link:
         C:\Program Files\Microsoft Visual Studio\2022\Preview\VC\Tools\MSVC\14.38.32919\bin\HostX64\x64\link.exe /ERRORREPORT:PROMPT /OUT:"D:\уник\2 сем\АСД\lab03\lab03(asd)\x64\Debug\lab03(asd).exe" /INCREMENTAL /ILK:"x64\Debug\lab03(asd).ilk" /NOLOGO kernel32.lib user32.lib gdi32.lib winspool.lib comdlg32.lib advapi32.lib shell32.lib ole32.lib oleaut32.lib uuid.lib odbc32.lib odbccp32.lib /MANIFEST /MANIFESTUAC:"level='asInvoker' uiAccess='false'" /manifest:embed /DEBUG /PDB:"D:\уник\2 сем\АСД\lab03\lab03(asd)\x64\Debug\lab03(asd).pdb" /SUBSYSTEM:CONSOLE /TLBID:1 /DYNAMICBASE /NXCOMPAT /IMPLIB:"D:\уник\2 сем\АСД\lab03\lab03(asd)\x64\Debug\lab03(asd).lib" /MACHINE:X64 "x64\Debug\lab03(asd).obj"
         lab03(asd).vcxproj -> D:\уник\2 сем\АСД\lab03\lab03(asd)\x64\Debug\lab03(asd).exe
       FinalizeBuildStatus:
         Файл "x64\Debug\lab03(asd).tlog\unsuccessfulbuild" удаляется.
         Обращение к "x64\Debug\lab03(asd).tlog\lab03(asd).lastbuildstate".
     1>Сборка проекта "D:\уник\2 сем\АСД\lab03\lab03(asd)\lab03(asd)\lab03(asd).vcxproj" завершена (целевые объекты Build).

Сборка успешно завершена.

       "D:\уник\2 сем\АСД\lab03\lab03(asd)\lab03(asd)\lab03(asd).vcxproj" (целевой объект Build ) (1) ->
       (Целевой объект ClCompile) -> 
         D:\уник\2 сем\АСД\lab03\lab03(asd)\lab03(asd)\lab03(asd).cpp(15,15): warning C4244: аргумент: преобразование "time_t" в "unsigned int", возможна потеря данных
         D:\уник\2 сем\АСД\lab03\lab03(asd)\lab03(asd)\lab03(asd).cpp(32,14): warning C4244: =: преобразование "clock_t" в "float", возможна потеря данных
         D:\уник\2 сем\АСД\lab03\lab03(asd)\lab03(asd)\lab03(asd).cpp(34,14): warning C4244: =: преобразование "clock_t" в "float", возможна потеря данных
         D:\уник\2 сем\АСД\lab03\lab03(asd)\lab03(asd)\lab03(asd).cpp(19,40): warning C4101: E: неиспользованная локальная переменная
         D:\уник\2 сем\АСД\lab03\lab03(asd)\lab03(asd)\lab03(asd).cpp(17,11): warning C4101: time: неиспользованная локальная переменная
         D:\уник\2 сем\АСД\lab03\lab03(asd)\lab03(asd)\lab03(asd).cpp(42,14): warning C4244: =: преобразование "clock_t" в "float", возможна потеря данных
         D:\уник\2 сем\АСД\lab03\lab03(asd)\lab03(asd)\lab03(asd).cpp(51,14): warning C4244: =: преобразование "clock_t" в "float", возможна потеря данных
         D:\уник\2 сем\АСД\lab03\lab03(asd)\lab03(asd)\lab03(asd).cpp(63,14): warning C4244: =: преобразование "clock_t" в "float", возможна потеря данных
         D:\уник\2 сем\АСД\lab03\lab03(asd)\lab03(asd)\lab03(asd).cpp(73,14): warning C4244: =: преобразование "clock_t" в "float", возможна потеря данных
         D:\уник\2 сем\АСД\lab03\lab03(asd)\lab03(asd)\lab03(asd).cpp(87,14): warning C4244: =: преобразование "clock_t" в "float", возможна потеря данных
         D:\уник\2 сем\АСД\lab03\lab03(asd)\lab03(asd)\lab03(asd).cpp(101,14): warning C4244: =: преобразование "clock_t" в "float", возможна потеря данных
         D:\уник\2 сем\АСД\lab03\lab03(asd)\lab03(asd)\lab03(asd).cpp(113,11): warning C4101: q: неиспользованная локальная переменная
         D:\уник\2 сем\АСД\lab03\lab03(asd)\lab03(asd)\lab03(asd).cpp(113,14): warning C4101: w: неиспользованная локальная переменная

    Предупреждений: 13
    Ошибок: 0

Прошло времени 00:00:00.72
